<?xml version="1.0" encoding="UTF-8"?>
<testng-results total="1" passed="1" failed="0" skipped="0">
  <reporter-output>
  </reporter-output>
  <suite started-at="2022-11-15T07:46:53Z" name="Default suite" finished-at="2022-11-15T07:47:00Z" duration-ms="7335">
    <groups>
    </groups>
    <test started-at="2022-11-15T07:46:53Z" name="Default test" finished-at="2022-11-15T07:47:00Z" duration-ms="7335">
      <class name="rest_assured_demo.trello_board">
        <test-method signature="createboard()[pri:0, instance:rest_assured_demo.trello_board@282cb7c7]" started-at="2022-11-15T13:16:53Z" name="createboard" finished-at="2022-11-15T13:17:00Z" duration-ms="7275" status="PASS">
          <reporter-output>
          </reporter-output>
        </test-method> <!-- createboard -->
      </class> <!-- rest_assured_demo.trello_board -->
    </test> <!-- Default test -->
  </suite> <!-- Default suite -->
</testng-results>
