<?xml version="1.0" encoding="UTF-8"?>
<!-- Generated by org.testng.reporters.JUnitXMLReporter -->
<testsuite hostname="Sivanesh" failures="0" tests="4" name="Default test" time="45.687" errors="0" timestamp="29 Oct 2022 16:38:02 GMT">
  <testcase classname="testng.Testng" name="login" time="3.355"/>
  <testcase classname="testng.Testng" name="deleteuser" time="12.594"/>
  <testcase classname="testng.Testng" name="links" time="3.664"/>
  <testcase classname="testng.Testng" name="logout" time="9.653"/>
</testsuite> <!-- Default test -->
