<?xml version="1.0" encoding="UTF-8"?>
<testng-results total="1" passed="1" failed="0" skipped="0">
  <reporter-output>
  </reporter-output>
  <suite started-at="2022-10-10T08:13:01Z" name="Surefire suite" finished-at="2022-10-10T08:13:26Z" duration-ms="25186">
    <groups>
    </groups>
    <test started-at="2022-10-10T08:13:01Z" name="Surefire test" finished-at="2022-10-10T08:13:26Z" duration-ms="25186">
      <class name="maven.adactin_hotel">
        <test-method signature="test_1()[pri:0, instance:maven.adactin_hotel@233795b6]" started-at="2022-10-10T13:43:01Z" name="test_1" finished-at="2022-10-10T13:43:26Z" duration-ms="25141" status="PASS">
          <reporter-output>
          </reporter-output>
        </test-method> <!-- test_1 -->
      </class> <!-- maven.adactin_hotel -->
    </test> <!-- Surefire test -->
  </suite> <!-- Surefire suite -->
</testng-results>
